<?xml version="1.0" encoding="UTF-8"?>
<!-- Generated by org.testng.reporters.JUnitReportReporter -->
<testsuite skipped="0" hostname="CPX-Z08ICU7XLHW" name="TestCases.TC_AddCustomerTest_003" tests="1" failures="0" timestamp="2020-04-30T17:15:57 EDT" time="14.779" errors="0">
  <testcase name="addNewCustomer" time="14.779" classname="TestCases.TC_AddCustomerTest_003"/>
  <system-out/>
</testsuite> <!-- TestCases.TC_AddCustomerTest_003 -->
