<?xml version="1.0" encoding="UTF-8"?>
<!-- Generated by org.testng.reporters.JUnitReportReporter -->
<testsuite skipped="0" hostname="CPX-Z08ICU7XLHW" name="TestCases.TC_LoginTest_001" tests="1" failures="0" timestamp="2020-04-30T21:03:06 EDT" time="1.644" errors="0">
  <testcase name="loginTest" time="1.644" classname="TestCases.TC_LoginTest_001"/>
  <system-out/>
</testsuite> <!-- TestCases.TC_LoginTest_001 -->
